<?xml version="1.0" encoding="UTF-8"?>
<testsuite name="de.fhdw.jjtt.w.tests.WParsingTest" time="0.225" tests="1" errors="0" skipped="0" failures="0">
  <properties>
    <property name="java.vendor" value="Oracle Corporation"/>
    <property name="osgi.bundles.defaultStartLevel" value="4"/>
    <property name="sun.java.launcher" value="SUN_STANDARD"/>
    <property name="org.osgi.supports.framework.extension" value="true"/>
    <property name="sun.management.compiler" value="HotSpot 64-Bit Tiered Compilers"/>
    <property name="os.name" value="Windows 10"/>
    <property name="sun.boot.class.path" value="C:\Program Files\Java\jdk1.8.0_152\jre\lib\resources.jar;C:\Program Files\Java\jdk1.8.0_152\jre\lib\rt.jar;C:\Program Files\Java\jdk1.8.0_152\jre\lib\sunrsasign.jar;C:\Program Files\Java\jdk1.8.0_152\jre\lib\jsse.jar;C:\Program Files\Java\jdk1.8.0_152\jre\lib\jce.jar;C:\Program Files\Java\jdk1.8.0_152\jre\lib\charsets.jar;C:\Program Files\Java\jdk1.8.0_152\jre\lib\jfr.jar;C:\Program Files\Java\jdk1.8.0_152\jre\classes"/>
    <property name="osgi.ws" value="win32"/>
    <property name="sun.desktop" value="windows"/>
    <property name="java.vm.specification.vendor" value="Oracle Corporation"/>
    <property name="java.runtime.version" value="1.8.0_152-b16"/>
    <property name="osgi.instance.area" value="file:/C:/Users/jerem/eclipse-workspace/git/de.fhdw.jjtt.w.parent/de.fhdw.jjtt.w.tests/target/work/data/"/>
    <property name="org.osgi.framework.uuid" value="5f5f6b64-d12d-41ef-b25c-89dcbb18bcfb"/>
    <property name="osgi.noShutdown" value="false"/>
    <property name="user.name" value="jerem"/>
    <property name="org.osgi.framework.system.packages" value="javax.accessibility,javax.activation,javax.activity,javax.annotation,javax.annotation.processing,javax.crypto,javax.crypto.interfaces,javax.crypto.spec,javax.imageio,javax.imageio.event,javax.imageio.metadata,javax.imageio.plugins.bmp,javax.imageio.plugins.jpeg,javax.imageio.spi,javax.imageio.stream,javax.jws,javax.jws.soap,javax.lang.model,javax.lang.model.element,javax.lang.model.type,javax.lang.model.util,javax.management,javax.management.loading,javax.management.modelmbean,javax.management.monitor,javax.management.openmbean,javax.management.relation,javax.management.remote,javax.management.remote.rmi,javax.management.timer,javax.naming,javax.naming.directory,javax.naming.event,javax.naming.ldap,javax.naming.spi,javax.net,javax.net.ssl,javax.print,javax.print.attribute,javax.print.attribute.standard,javax.print.event,javax.rmi,javax.rmi.CORBA,javax.rmi.ssl,javax.script,javax.security.auth,javax.security.auth.callback,javax.security.auth.kerberos,javax.security.auth.login,javax.security.auth.spi,javax.security.auth.x500,javax.security.cert,javax.security.sasl,javax.sound.midi,javax.sound.midi.spi,javax.sound.sampled,javax.sound.sampled.spi,javax.sql,javax.sql.rowset,javax.sql.rowset.serial,javax.sql.rowset.spi,javax.swing,javax.swing.border,javax.swing.colorchooser,javax.swing.event,javax.swing.filechooser,javax.swing.plaf,javax.swing.plaf.basic,javax.swing.plaf.metal,javax.swing.plaf.multi,javax.swing.plaf.nimbus,javax.swing.plaf.synth,javax.swing.table,javax.swing.text,javax.swing.text.html,javax.swing.text.html.parser,javax.swing.text.rtf,javax.swing.tree,javax.swing.undo,javax.tools,javax.transaction,javax.transaction.xa,javax.xml,javax.xml.bind,javax.xml.bind.annotation,javax.xml.bind.annotation.adapters,javax.xml.bind.attachment,javax.xml.bind.helpers,javax.xml.bind.util,javax.xml.crypto,javax.xml.crypto.dom,javax.xml.crypto.dsig,javax.xml.crypto.dsig.dom,javax.xml.crypto.dsig.keyinfo,javax.xml.crypto.dsig.spec,javax.xml.datatype,javax.xml.namespace,javax.xml.parsers,javax.xml.soap,javax.xml.stream,javax.xml.stream.events,javax.xml.stream.util,javax.xml.transform,javax.xml.transform.dom,javax.xml.transform.sax,javax.xml.transform.stax,javax.xml.transform.stream,javax.xml.validation,javax.xml.ws,javax.xml.ws.handler,javax.xml.ws.handler.soap,javax.xml.ws.http,javax.xml.ws.soap,javax.xml.ws.spi,javax.xml.ws.spi.http,javax.xml.ws.wsaddressing,javax.xml.xpath,org.ietf.jgss,org.omg.CORBA,org.omg.CORBA_2_3,org.omg.CORBA_2_3.portable,org.omg.CORBA.DynAnyPackage,org.omg.CORBA.ORBPackage,org.omg.CORBA.portable,org.omg.CORBA.TypeCodePackage,org.omg.CosNaming,org.omg.CosNaming.NamingContextExtPackage,org.omg.CosNaming.NamingContextPackage,org.omg.Dynamic,org.omg.DynamicAny,org.omg.DynamicAny.DynAnyFactoryPackage,org.omg.DynamicAny.DynAnyPackage,org.omg.IOP,org.omg.IOP.CodecFactoryPackage,org.omg.IOP.CodecPackage,org.omg.Messaging,org.omg.PortableInterceptor,org.omg.PortableInterceptor.ORBInitInfoPackage,org.omg.PortableServer,org.omg.PortableServer.CurrentPackage,org.omg.PortableServer.POAManagerPackage,org.omg.PortableServer.POAPackage,org.omg.PortableServer.portable,org.omg.PortableServer.ServantLocatorPackage,org.omg.SendingContext,org.omg.stub.java.rmi,org.w3c.dom,org.w3c.dom.bootstrap,org.w3c.dom.css,org.w3c.dom.events,org.w3c.dom.html,org.w3c.dom.ls,org.w3c.dom.ranges,org.w3c.dom.stylesheets,org.w3c.dom.traversal,org.w3c.dom.views,org.w3c.dom.xpath,org.xml.sax,org.xml.sax.ext,org.xml.sax.helpers"/>
    <property name="equinox.use.ds" value="true"/>
    <property name="org.osgi.framework.language" value="en"/>
    <property name="user.language" value="en"/>
    <property name="org.osgi.framework.processor" value="x86-64"/>
    <property name="osgi.syspath" value="c:\Users\jerem\.m2\repository\p2\osgi\bundle\org.eclipse.osgi\3.12.1.v20170821-1548"/>
    <property name="osgi.compatibility.bootdelegation.default" value="true"/>
    <property name="sun.boot.library.path" value="C:\Program Files\Java\jdk1.8.0_152\jre\bin"/>
    <property name="org.osgi.framework.system.capabilities" value="osgi.ee; osgi.ee=&quot;OSGi/Minimum&quot;; version:List&lt;Version&gt;=&quot;1.0, 1.1, 1.2&quot;,osgi.ee; osgi.ee=&quot;JRE&quot;; version:List&lt;Version&gt;=&quot;1.0, 1.1&quot;,osgi.ee; osgi.ee=&quot;JavaSE&quot;; version:List&lt;Version&gt;=&quot;1.0, 1.1, 1.2, 1.3, 1.4, 1.5, 1.6, 1.7, 1.8&quot;,osgi.ee; osgi.ee=&quot;JavaSE/compact1&quot;; version:List&lt;Version&gt;=&quot;1.8&quot;,osgi.ee; osgi.ee=&quot;JavaSE/compact2&quot;; version:List&lt;Version&gt;=&quot;1.8&quot;,osgi.ee; osgi.ee=&quot;JavaSE/compact3&quot;; version:List&lt;Version&gt;=&quot;1.8&quot;"/>
    <property name="osgi.compatibility.bootdelegation" value="true"/>
    <property name="java.version" value="1.8.0_152"/>
    <property name="org.osgi.framework.os.name" value="Windows10"/>
    <property name="user.timezone" value="Europe/Berlin"/>
    <property name="sun.arch.data.model" value="64"/>
    <property name="osgi.bundles" value="reference:file:C:/Users/jerem/.m2/repository/p2/osgi/bundle/com.google.guava/21.0.0.v20170206-1425/com.google.guava-21.0.0.v20170206-1425.jar,reference:file:C:/Users/jerem/.m2/repository/p2/osgi/bundle/com.google.inject/3.0.0.v201312141243/com.google.inject-3.0.0.v201312141243.jar,reference:file:C:/Users/jerem/.m2/repository/p2/osgi/bundle/javax.inject/1.0.0.v20091030/javax.inject-1.0.0.v20091030.jar,reference:file:C:/Users/jerem/eclipse-workspace/git/de.fhdw.jjtt.w.parent/de.fhdw.jjtt.w/target/de.fhdw.jjtt.w-1.0.0-SNAPSHOT.jar,reference:file:C:/Users/jerem/.m2/repository/p2/osgi/bundle/org.eclipse.xtext/2.13.0.v20171020-0708/org.eclipse.xtext-2.13.0.v20171020-0708.jar,reference:file:C:/Users/jerem/.m2/repository/p2/osgi/bundle/org.eclipse.xtext.xbase/2.13.0.v20171020-0717/org.eclipse.xtext.xbase-2.13.0.v20171020-0717.jar,reference:file:C:/Users/jerem/.m2/repository/p2/osgi/bundle/org.eclipse.equinox.common/3.9.0.v20170207-1454/org.eclipse.equinox.common-3.9.0.v20170207-1454.jar@2:start,reference:file:C:/Users/jerem/.m2/repository/p2/osgi/bundle/org.eclipse.emf.ecore/2.13.0.v20170609-0707/org.eclipse.emf.ecore-2.13.0.v20170609-0707.jar,reference:file:C:/Users/jerem/.m2/repository/p2/osgi/bundle/org.eclipse.xtext.xbase.lib/2.13.0.v20171020-0659/org.eclipse.xtext.xbase.lib-2.13.0.v20171020-0659.jar,reference:file:C:/Users/jerem/.m2/repository/p2/osgi/bundle/org.antlr.runtime/3.2.0.v201101311130/org.antlr.runtime-3.2.0.v201101311130.jar,reference:file:C:/Users/jerem/.m2/repository/p2/osgi/bundle/org.eclipse.xtext.util/2.13.0.v20171020-0708/org.eclipse.xtext.util-2.13.0.v20171020-0708.jar,reference:file:C:/Users/jerem/.m2/repository/p2/osgi/bundle/org.eclipse.emf.common/2.13.0.v20170609-0707/org.eclipse.emf.common-2.13.0.v20170609-0707.jar,reference:file:C:/Users/jerem/.m2/repository/p2/osgi/bundle/org.eclipse.xtend.lib/2.13.0.v20171020-0659/org.eclipse.xtend.lib-2.13.0.v20171020-0659.jar,reference:file:C:/Users/jerem/.m2/repository/p2/osgi/bundle/org.apache.log4j/1.2.15.v201012070815/org.apache.log4j-1.2.15.v201012070815.jar,reference:file:C:/Users/jerem/eclipse-workspace/git/de.fhdw.jjtt.w.parent/de.fhdw.jjtt.w.tests,reference:file:C:/Users/jerem/.m2/repository/p2/osgi/bundle/org.junit/4.12.0.v201504281640/org.junit-4.12.0.v201504281640.jar,reference:file:C:/Users/jerem/.m2/repository/p2/osgi/bundle/org.eclipse.xtext.testing/2.13.0.v20171020-0708/org.eclipse.xtext.testing-2.13.0.v20171020-0708.jar,reference:file:C:/Users/jerem/.m2/repository/p2/osgi/bundle/org.eclipse.xtext.xbase.testing/2.13.0.v20171020-0717/org.eclipse.xtext.xbase.testing-2.13.0.v20171020-0717.jar,reference:file:C:/Users/jerem/.m2/repository/p2/osgi/bundle/org.hamcrest.core/1.3.0.v201303031735/org.hamcrest.core-1.3.0.v201303031735.jar,reference:file:C:/Users/jerem/eclipse-workspace/git/de.fhdw.jjtt.w.parent/de.fhdw.jjtt.w.tests/target/work/plugins/org.apache.ant_1.10.1.v20170504-0840,reference:file:C:/Users/jerem/.m2/repository/p2/osgi/bundle/org.apache.batik.css/1.8.0.v20170214-1941/org.apache.batik.css-1.8.0.v20170214-1941.jar,reference:file:C:/Users/jerem/.m2/repository/p2/osgi/bundle/org.apache.batik.util/1.8.0.v20170214-1941/org.apache.batik.util-1.8.0.v20170214-1941.jar,reference:file:C:/Users/jerem/.m2/repository/p2/osgi/bundle/org.w3c.css.sac/1.3.1.v200903091627/org.w3c.css.sac-1.3.1.v200903091627.jar,reference:file:C:/Users/jerem/.m2/repository/p2/osgi/bundle/org.apache.commons.cli/1.2.0.v201404270220/org.apache.commons.cli-1.2.0.v201404270220.jar,reference:file:C:/Users/jerem/.m2/repository/p2/osgi/bundle/org.apache.commons.lang/2.6.0.v201404270220/org.apache.commons.lang-2.6.0.v201404270220.jar,reference:file:C:/Users/jerem/.m2/repository/p2/osgi/bundle/org.apache.commons.logging/1.1.1.v201101211721/org.apache.commons.logging-1.1.1.v201101211721.jar,reference:file:C:/Users/jerem/.m2/repository/p2/osgi/bundle/org.eclipse.osgi.services/3.6.0.v20170228-1906/org.eclipse.osgi.services-3.6.0.v20170228-1906.jar,reference:file:C:/Users/jerem/.m2/repository/p2/osgi/bundle/org.apache.felix.scr/2.0.10.v20170501-2007/org.apache.felix.scr-2.0.10.v20170501-2007.jar,reference:file:C:/Users/jerem/.m2/repository/p2/osgi/bundle/org.eclipse.osgi.util/3.4.0.v20170111-1608/org.eclipse.osgi.util-3.4.0.v20170111-1608.jar,reference:file:C:/Users/jerem/.m2/repository/p2/osgi/bundle/org.eclipse.compare/3.7.101.v20170724-1603/org.eclipse.compare-3.7.101.v20170724-1603.jar,reference:file:C:/Users/jerem/.m2/repository/p2/osgi/bundle/org.eclipse.ui/3.109.0.v20170411-1742/org.eclipse.ui-3.109.0.v20170411-1742.jar,reference:file:C:/Users/jerem/.m2/repository/p2/osgi/bundle/org.eclipse.core.resources/3.12.0.v20170417-1558/org.eclipse.core.resources-3.12.0.v20170417-1558.jar,reference:file:C:/Users/jerem/.m2/repository/p2/osgi/bundle/org.eclipse.jface.text/3.12.0.v20170523-1043/org.eclipse.jface.text-3.12.0.v20170523-1043.jar,reference:file:C:/Users/jerem/.m2/repository/p2/osgi/bundle/org.eclipse.ui.ide/3.13.1.v20170822-1526/org.eclipse.ui.ide-3.13.1.v20170822-1526.jar,reference:file:C:/Users/jerem/.m2/repository/p2/osgi/bundle/org.eclipse.ui.views/3.9.0.v20170226-1833/org.eclipse.ui.views-3.9.0.v20170226-1833.jar,reference:file:C:/Users/jerem/.m2/repository/p2/osgi/bundle/org.eclipse.ui.workbench.texteditor/3.10.100.v20170426-2021/org.eclipse.ui.workbench.texteditor-3.10.100.v20170426-2021.jar,reference:file:C:/Users/jerem/.m2/repository/p2/osgi/bundle/org.eclipse.core.runtime/3.13.0.v20170207-1030/org.eclipse.core.runtime-3.13.0.v20170207-1030.jar@4:start,reference:file:C:/Users/jerem/.m2/repository/p2/osgi/bundle/org.eclipse.core.expressions/3.6.0.v20170207-1037/org.eclipse.core.expressions-3.6.0.v20170207-1037.jar,reference:file:C:/Users/jerem/.m2/repository/p2/osgi/bundle/org.eclipse.ui.editors/3.11.0.v20170202-1823/org.eclipse.ui.editors-3.11.0.v20170202-1823.jar,reference:file:C:/Users/jerem/.m2/repository/p2/osgi/bundle/org.eclipse.ui.forms/3.7.101.v20170815-1446/org.eclipse.ui.forms-3.7.101.v20170815-1446.jar,reference:file:C:/Users/jerem/.m2/repository/p2/osgi/bundle/org.eclipse.compare.core/3.6.100.v20170516-0820/org.eclipse.compare.core-3.6.100.v20170516-0820.jar,reference:file:C:/Users/jerem/.m2/repository/p2/osgi/bundle/com.ibm.icu/58.2.0.v20170418-1837/com.ibm.icu-58.2.0.v20170418-1837.jar,reference:file:C:/Users/jerem/.m2/repository/p2/osgi/bundle/org.eclipse.core.commands/3.9.0.v20170530-1048/org.eclipse.core.commands-3.9.0.v20170530-1048.jar,reference:file:C:/Users/jerem/.m2/repository/p2/osgi/bundle/org.eclipse.core.contenttype/3.6.0.v20170207-1037/org.eclipse.core.contenttype-3.6.0.v20170207-1037.jar,reference:file:C:/Users/jerem/.m2/repository/p2/osgi/bundle/org.eclipse.equinox.preferences/3.7.0.v20170126-2132/org.eclipse.equinox.preferences-3.7.0.v20170126-2132.jar,reference:file:C:/Users/jerem/.m2/repository/p2/osgi/bundle/org.eclipse.equinox.registry/3.7.0.v20170222-1344/org.eclipse.equinox.registry-3.7.0.v20170222-1344.jar,reference:file:C:/Users/jerem/.m2/repository/p2/osgi/bundle/org.eclipse.core.databinding/1.6.100.v20170515-1119/org.eclipse.core.databinding-1.6.100.v20170515-1119.jar,reference:file:C:/Users/jerem/.m2/repository/p2/osgi/bundle/org.eclipse.core.databinding.observable/1.6.100.v20170515-1119/org.eclipse.core.databinding.observable-1.6.100.v20170515-1119.jar,reference:file:C:/Users/jerem/.m2/repository/p2/osgi/bundle/org.eclipse.core.databinding.property/1.6.100.v20170515-1119/org.eclipse.core.databinding.property-1.6.100.v20170515-1119.jar,reference:file:C:/Users/jerem/.m2/repository/p2/osgi/bundle/org.eclipse.core.filebuffers/3.6.100.v20170203-1130/org.eclipse.core.filebuffers-3.6.100.v20170203-1130.jar,reference:file:C:/Users/jerem/.m2/repository/p2/osgi/bundle/org.eclipse.text/3.6.100.v20170203-0814/org.eclipse.text-3.6.100.v20170203-0814.jar,reference:file:C:/Users/jerem/.m2/repository/p2/osgi/bundle/org.eclipse.core.filesystem/1.7.0.v20170406-1337/org.eclipse.core.filesystem-1.7.0.v20170406-1337.jar,reference:file:C:/Users/jerem/.m2/repository/p2/osgi/bundle/org.eclipse.core.jobs/3.9.1.v20170714-0547/org.eclipse.core.jobs-3.9.1.v20170714-0547.jar,reference:file:C:/Users/jerem/.m2/repository/p2/osgi/bundle/org.eclipse.core.net/1.3.100.v20170516-0820/org.eclipse.core.net-1.3.100.v20170516-0820.jar,reference:file:C:/Users/jerem/.m2/repository/p2/osgi/bundle/org.eclipse.equinox.security/1.2.300.v20170505-1235/org.eclipse.equinox.security-1.2.300.v20170505-1235.jar,reference:file:C:/Users/jerem/.m2/repository/p2/osgi/bundle/org.eclipse.equinox.app/1.3.400.v20150715-1528/org.eclipse.equinox.app-1.3.400.v20150715-1528.jar,reference:file:C:/Users/jerem/.m2/repository/p2/osgi/bundle/org.eclipse.core.variables/3.4.0.v20170113-2056/org.eclipse.core.variables-3.4.0.v20170113-2056.jar,reference:file:C:/Users/jerem/.m2/repository/p2/osgi/bundle/org.eclipse.debug.core/3.11.0.v20170605-1534/org.eclipse.debug.core-3.11.0.v20170605-1534.jar,reference:file:C:/Users/jerem/.m2/repository/p2/osgi/bundle/org.eclipse.e4.core.commands/0.12.100.v20170513-0428/org.eclipse.e4.core.commands-0.12.100.v20170513-0428.jar,reference:file:C:/Users/jerem/.m2/repository/p2/osgi/bundle/org.eclipse.e4.core.di/1.6.100.v20170421-1418/org.eclipse.e4.core.di-1.6.100.v20170421-1418.jar,reference:file:C:/Users/jerem/.m2/repository/p2/osgi/bundle/org.eclipse.e4.core.contexts/1.6.0.v20170322-1144/org.eclipse.e4.core.contexts-1.6.0.v20170322-1144.jar,reference:file:C:/Users/jerem/.m2/repository/p2/osgi/bundle/org.eclipse.e4.core.services/2.1.0.v20170407-0928/org.eclipse.e4.core.services-2.1.0.v20170407-0928.jar,reference:file:C:/Users/jerem/.m2/repository/p2/osgi/bundle/org.eclipse.e4.core.di.annotations/1.6.0.v20170119-2002/org.eclipse.e4.core.di.annotations-1.6.0.v20170119-2002.jar,reference:file:C:/Users/jerem/.m2/repository/p2/osgi/bundle/org.eclipse.e4.core.di.extensions/0.15.0.v20170228-1728/org.eclipse.e4.core.di.extensions-0.15.0.v20170228-1728.jar,reference:file:C:/Users/jerem/.m2/repository/p2/osgi/bundle/org.eclipse.e4.core.di.extensions.supplier/0.15.0.v20170407-0928/org.eclipse.e4.core.di.extensions.supplier-0.15.0.v20170407-0928.jar,reference:file:C:/Users/jerem/.m2/repository/p2/osgi/bundle/org.eclipse.equinox.ds/1.5.0.v20170307-1429/org.eclipse.equinox.ds-1.5.0.v20170307-1429.jar@1:start,reference:file:C:/Users/jerem/.m2/repository/p2/osgi/bundle/org.eclipse.e4.emf.xpath/0.2.0.v20160630-0728/org.eclipse.e4.emf.xpath-0.2.0.v20160630-0728.jar,reference:file:C:/Users/jerem/.m2/repository/p2/osgi/bundle/org.apache.commons.jxpath/1.3.0.v200911051830/org.apache.commons.jxpath-1.3.0.v200911051830.jar,reference:file:C:/Users/jerem/.m2/repository/p2/osgi/bundle/org.eclipse.e4.ui.bindings/0.12.1.v20170823-1632/org.eclipse.e4.ui.bindings-0.12.1.v20170823-1632.jar,reference:file:C:/Users/jerem/.m2/repository/p2/osgi/bundle/org.eclipse.swt/3.106.1.v20170829-0553/org.eclipse.swt-3.106.1.v20170829-0553.jar,reference:file:C:/Users/jerem/.m2/repository/p2/osgi/bundle/org.eclipse.jface/3.13.1.v20170810-0135/org.eclipse.jface-3.13.1.v20170810-0135.jar,reference:file:C:/Users/jerem/.m2/repository/p2/osgi/bundle/org.eclipse.e4.ui.css.core/0.12.101.v20170712-1547/org.eclipse.e4.ui.css.core-0.12.101.v20170712-1547.jar,reference:file:C:/Users/jerem/.m2/repository/p2/osgi/bundle/org.eclipse.e4.ui.css.swt/0.13.1.v20170808-1940/org.eclipse.e4.ui.css.swt-0.13.1.v20170808-1940.jar,reference:file:C:/Users/jerem/.m2/repository/p2/osgi/bundle/org.eclipse.e4.ui.css.swt.theme/0.11.0.v20170312-2302/org.eclipse.e4.ui.css.swt.theme-0.11.0.v20170312-2302.jar,reference:file:C:/Users/jerem/.m2/repository/p2/osgi/bundle/org.eclipse.e4.ui.di/1.2.100.v20170414-1137/org.eclipse.e4.ui.di-1.2.100.v20170414-1137.jar,reference:file:C:/Users/jerem/.m2/repository/p2/osgi/bundle/org.eclipse.e4.ui.model.workbench/2.0.1.v20170713-1800/org.eclipse.e4.ui.model.workbench-2.0.1.v20170713-1800.jar,reference:file:C:/Users/jerem/.m2/repository/p2/osgi/bundle/org.eclipse.e4.ui.services/1.3.0.v20170307-2032/org.eclipse.e4.ui.services-1.3.0.v20170307-2032.jar,reference:file:C:/Users/jerem/.m2/repository/p2/osgi/bundle/org.eclipse.equinox.event/1.4.0.v20170105-1446/org.eclipse.equinox.event-1.4.0.v20170105-1446.jar,reference:file:C:/Users/jerem/.m2/repository/p2/osgi/bundle/org.eclipse.e4.ui.widgets/1.2.0.v20160630-0736/org.eclipse.e4.ui.widgets-1.2.0.v20160630-0736.jar,reference:file:C:/Users/jerem/.m2/repository/p2/osgi/bundle/org.eclipse.e4.ui.workbench/1.5.1.v20170815-1446/org.eclipse.e4.ui.workbench-1.5.1.v20170815-1446.jar,reference:file:C:/Users/jerem/.m2/repository/p2/osgi/bundle/org.eclipse.emf.ecore.xmi/2.13.0.v20170609-0707/org.eclipse.emf.ecore.xmi-2.13.0.v20170609-0707.jar,reference:file:C:/Users/jerem/.m2/repository/p2/osgi/bundle/org.eclipse.emf.ecore.change/2.11.0.v20170609-0707/org.eclipse.emf.ecore.change-2.11.0.v20170609-0707.jar,reference:file:C:/Users/jerem/.m2/repository/p2/osgi/bundle/org.eclipse.e4.ui.workbench.addons.swt/1.3.1.v20170319-1442/org.eclipse.e4.ui.workbench.addons.swt-1.3.1.v20170319-1442.jar,reference:file:C:/Users/jerem/.m2/repository/p2/osgi/bundle/org.eclipse.e4.ui.workbench.renderers.swt/0.14.101.v20170713-1343/org.eclipse.e4.ui.workbench.renderers.swt-0.14.101.v20170713-1343.jar,reference:file:C:/Users/jerem/.m2/repository/p2/osgi/bundle/org.eclipse.e4.ui.workbench.swt/0.14.101.v20170710-1119/org.eclipse.e4.ui.workbench.swt-0.14.101.v20170710-1119.jar,reference:file:C:/Users/jerem/.m2/repository/p2/osgi/bundle/org.eclipse.jface.databinding/1.8.100.v20170503-1507/org.eclipse.jface.databinding-1.8.100.v20170503-1507.jar,reference:file:C:/Users/jerem/.m2/repository/p2/osgi/bundle/org.eclipse.e4.ui.workbench3/0.14.0.v20160630-0740/org.eclipse.e4.ui.workbench3-0.14.0.v20160630-0740.jar,reference:file:C:/Users/jerem/.m2/repository/p2/osgi/bundle/org.eclipse.emf.codegen/2.12.0.v20170609-0928/org.eclipse.emf.codegen-2.12.0.v20170609-0928.jar,reference:file:C:/Users/jerem/.m2/repository/p2/osgi/bundle/org.eclipse.jdt.core/3.13.0.v20170516-1929/org.eclipse.jdt.core-3.13.0.v20170516-1929.jar,reference:file:C:/Users/jerem/.m2/repository/p2/osgi/bundle/org.eclipse.jdt.launching/3.9.0.v20170419-1235/org.eclipse.jdt.launching-3.9.0.v20170419-1235.jar,reference:file:C:/Users/jerem/.m2/repository/p2/osgi/bundle/org.eclipse.emf.codegen.ecore/2.13.0.v20170609-0928/org.eclipse.emf.codegen.ecore-2.13.0.v20170609-0928.jar,reference:file:C:/Users/jerem/.m2/repository/p2/osgi/bundle/org.eclipse.emf.mwe.core/1.3.21.201705291011/org.eclipse.emf.mwe.core-1.3.21.201705291011.jar,reference:file:C:/Users/jerem/.m2/repository/p2/osgi/bundle/org.eclipse.emf.mwe2.runtime/2.9.1.201705291011/org.eclipse.emf.mwe2.runtime-2.9.1.201705291011.jar,reference:file:C:/Users/jerem/.m2/repository/p2/osgi/bundle/org.eclipse.emf.mwe.utils/1.3.21.201705291011/org.eclipse.emf.mwe.utils-1.3.21.201705291011.jar,reference:file:C:/Users/jerem/.m2/repository/p2/osgi/bundle/org.eclipse.emf.mwe2.lib/2.9.1.201705291011/org.eclipse.emf.mwe2.lib-2.9.1.201705291011.jar,reference:file:C:/Users/jerem/.m2/repository/p2/osgi/bundle/org.eclipse.equinox.bidi/1.1.0.v20160728-1031/org.eclipse.equinox.bidi-1.1.0.v20160728-1031.jar,reference:file:C:/Users/jerem/.m2/repository/p2/osgi/bundle/org.eclipse.equinox.p2.core/2.4.101.v20170906-1259/org.eclipse.equinox.p2.core-2.4.101.v20170906-1259.jar,reference:file:C:/Users/jerem/.m2/repository/p2/osgi/bundle/org.eclipse.equinox.p2.engine/2.5.0.v20170319-2002/org.eclipse.equinox.p2.engine-2.5.0.v20170319-2002.jar,reference:file:C:/Users/jerem/.m2/repository/p2/osgi/bundle/org.eclipse.equinox.p2.metadata/2.3.200.v20170511-1106/org.eclipse.equinox.p2.metadata-2.3.200.v20170511-1106.jar,reference:file:C:/Users/jerem/.m2/repository/p2/osgi/bundle/org.eclipse.equinox.p2.metadata.repository/1.2.401.v20170906-1259/org.eclipse.equinox.p2.metadata.repository-1.2.401.v20170906-1259.jar,reference:file:C:/Users/jerem/.m2/repository/p2/osgi/bundle/org.eclipse.equinox.p2.repository/2.3.301.v20170906-1259/org.eclipse.equinox.p2.repository-2.3.301.v20170906-1259.jar,reference:file:C:/Users/jerem/.m2/repository/p2/osgi/bundle/org.tukaani.xz/1.5.0.v20170111-1717/org.tukaani.xz-1.5.0.v20170111-1717.jar,reference:file:C:/Users/jerem/.m2/repository/p2/osgi/bundle/org.eclipse.help/3.8.1.v20170815-1448/org.eclipse.help-3.8.1.v20170815-1448.jar,reference:file:C:/Users/jerem/eclipse-workspace/git/de.fhdw.jjtt.w.parent/de.fhdw.jjtt.w.tests/target/work/plugins/org.eclipse.jdt.debug_3.11.0.v20170510-1451,reference:file:C:/Users/jerem/.m2/repository/p2/osgi/bundle/org.eclipse.ltk.core.refactoring/3.8.0.v20170105-1156/org.eclipse.ltk.core.refactoring-3.8.0.v20170105-1156.jar,reference:file:C:/Users/jerem/.m2/repository/p2/osgi/bundle/org.eclipse.ltk.ui.refactoring/3.9.0.v20170412-0825/org.eclipse.ltk.ui.refactoring-3.9.0.v20170412-0825.jar,reference:file:C:/Users/jerem/.m2/repository/p2/osgi/bundle/org.eclipse.ui.navigator/3.7.0.v20170418-1342/org.eclipse.ui.navigator-3.7.0.v20170418-1342.jar,reference:file:C:/Users/jerem/.m2/repository/p2/osgi/bundle/org.eclipse.team.core/3.8.100.v20170516-0820/org.eclipse.team.core-3.8.100.v20170516-0820.jar,reference:file:C:/Users/jerem/.m2/repository/p2/osgi/bundle/org.eclipse.team.ui/3.8.1.v20170515-1133/org.eclipse.team.ui-3.8.1.v20170515-1133.jar,reference:file:C:/Users/jerem/.m2/repository/p2/osgi/bundle/org.eclipse.swt.cocoa.macosx.x86_64/3.106.1.v20170829-0553/org.eclipse.swt.cocoa.macosx.x86_64-3.106.1.v20170829-0553.jar,reference:file:C:/Users/jerem/.m2/repository/p2/osgi/bundle/org.eclipse.ui.workbench/3.110.1.v20170704-1208/org.eclipse.ui.workbench-3.110.1.v20170704-1208.jar,reference:file:C:/Users/jerem/.m2/repository/p2/osgi/bundle/org.eclipse.ui.ide.application/1.2.0.v20170512-1452/org.eclipse.ui.ide.application-1.2.0.v20170512-1452.jar,reference:file:C:/Users/jerem/.m2/repository/p2/osgi/bundle/org.eclipse.ui.navigator.resources/3.6.1.v20170823-1443/org.eclipse.ui.navigator.resources-3.6.1.v20170823-1443.jar,reference:file:C:/Users/jerem/.m2/repository/p2/osgi/bundle/org.eclipse.ui.views.properties.tabbed/3.8.1.v20170713-0803/org.eclipse.ui.views.properties.tabbed-3.8.1.v20170713-0803.jar,reference:file:C:/Users/jerem/.m2/repository/p2/osgi/bundle/org.eclipse.xtend.lib.macro/2.13.0.v20171020-0659/org.eclipse.xtend.lib.macro-2.13.0.v20171020-0659.jar,reference:file:C:/Users/jerem/.m2/repository/p2/osgi/bundle/org.eclipse.xtext.common.types/2.13.0.v20171020-0717/org.eclipse.xtext.common.types-2.13.0.v20171020-0717.jar,reference:file:C:/Users/jerem/.m2/repository/p2/osgi/bundle/org.objectweb.asm/5.0.1.v201404251740/org.objectweb.asm-5.0.1.v201404251740.jar,reference:file:C:/Users/jerem/.m2/repository/p2/osgi/bundle/org.eclipse.xtext.ide/2.13.0.v20171020-0708/org.eclipse.xtext.ide-2.13.0.v20171020-0708.jar,reference:file:C:/Users/jerem/.m2/repository/p2/osgi/bundle/org.eclipse.equinox.launcher/1.4.0.v20161219-1356/org.eclipse.equinox.launcher-1.4.0.v20161219-1356.jar,reference:file:C:/Users/jerem/.m2/repository/p2/osgi/bundle/org.eclipse.swt.win32.win32.x86_64/3.106.1.v20170829-0553/org.eclipse.swt.win32.win32.x86_64-3.106.1.v20170829-0553.jar,reference:file:C:/Users/jerem/.m2/repository/p2/osgi/bundle/org.eclipse.swt.gtk.linux.x86_64/3.106.1.v20170829-0553/org.eclipse.swt.gtk.linux.x86_64-3.106.1.v20170829-0553.jar,reference:file:C:/Users/jerem/.m2/repository/org/eclipse/tycho/org.eclipse.tycho.surefire.osgibooter/1.0.0/org.eclipse.tycho.surefire.osgibooter-1.0.0.jar,reference:file:C:/Users/jerem/.m2/repository/org/eclipse/tycho/org.eclipse.tycho.surefire.junit4/1.0.0/org.eclipse.tycho.surefire.junit4-1.0.0.jar"/>
    <property name="java.endorsed.dirs" value="C:\Program Files\Java\jdk1.8.0_152\jre\lib\endorsed"/>
    <property name="osgi.tracefile" value="C:\Users\jerem\eclipse-workspace\git\de.fhdw.jjtt.w.parent\de.fhdw.jjtt.w.tests\target\work\data\.metadata\trace.log"/>
    <property name="sun.cpu.isalist" value="amd64"/>
    <property name="sun.jnu.encoding" value="Cp1252"/>
    <property name="eclipse.application" value="org.eclipse.tycho.surefire.osgibooter.headlesstest"/>
    <property name="file.encoding.pkg" value="sun.io"/>
    <property name="org.osgi.framework.vendor" value="Eclipse"/>
    <property name="equinox.init.uuid" value="true"/>
    <property name="file.separator" value="\"/>
    <property name="java.specification.name" value="Java Platform API Specification"/>
    <property name="osgi.checkConfiguration" value="true"/>
    <property name="java.class.version" value="52.0"/>
    <property name="user.country" value="US"/>
    <property name="osgi.configuration.cascaded" value="false"/>
    <property name="java.home" value="C:\Program Files\Java\jdk1.8.0_152\jre"/>
    <property name="osgi.os" value="win32"/>
    <property name="eclipse.commands" value="-data&#10;C:\Users\jerem\eclipse-workspace\git\de.fhdw.jjtt.w.parent\de.fhdw.jjtt.w.tests\target\work\data&#10;-install&#10;C:\Users\jerem\eclipse-workspace\git\de.fhdw.jjtt.w.parent\de.fhdw.jjtt.w.tests\target\work&#10;-configuration&#10;C:\Users\jerem\eclipse-workspace\git\de.fhdw.jjtt.w.parent\de.fhdw.jjtt.w.tests\target\work\configuration&#10;-application&#10;org.eclipse.tycho.surefire.osgibooter.headlesstest&#10;-testproperties&#10;C:\Users\jerem\eclipse-workspace\git\de.fhdw.jjtt.w.parent\de.fhdw.jjtt.w.tests\target\surefire.properties&#10;"/>
    <property name="java.vm.info" value="mixed mode"/>
    <property name="os.version" value="10.0"/>
    <property name="osgi.arch" value="x86_64"/>
    <property name="path.separator" value=";"/>
    <property name="java.vm.version" value="25.152-b16"/>
    <property name="org.osgi.supports.framework.fragment" value="true"/>
    <property name="user.variant" value=""/>
    <property name="osgi.framework.shape" value="jar"/>
    <property name="java.awt.printerjob" value="sun.awt.windows.WPrinterJob"/>
    <property name="sun.io.unicode.encoding" value="UnicodeLittle"/>
    <property name="org.osgi.framework.version" value="1.8.0"/>
    <property name="org.osgi.framework.storage" value="C:\Users\jerem\eclipse-workspace\git\de.fhdw.jjtt.w.parent\de.fhdw.jjtt.w.tests\target\work\configuration"/>
    <property name="awt.toolkit" value="sun.awt.windows.WToolkit"/>
    <property name="user.script" value=""/>
    <property name="eclipse.stateSaveDelayInterval" value="30000"/>
    <property name="osgi.dev" value="file:/C:/Users/jerem/eclipse-workspace/git/de.fhdw.jjtt.w.parent/de.fhdw.jjtt.w.tests/target/work/dev.properties"/>
    <property name="osgi.install.area" value="file:/C:/Users/jerem/eclipse-workspace/git/de.fhdw.jjtt.w.parent/de.fhdw.jjtt.w.tests/target/work/"/>
    <property name="osgi.framework" value="file:/C:/Users/jerem/.m2/repository/p2/osgi/bundle/org.eclipse.osgi/3.12.1.v20170821-1548/org.eclipse.osgi-3.12.1.v20170821-1548.jar"/>
    <property name="user.home" value="C:\Users\jerem"/>
    <property name="osgi.framework.useSystemProperties" value="true"/>
    <property name="java.specification.vendor" value="Oracle Corporation"/>
    <property name="osgi.nl" value="en_US"/>
    <property name="java.library.path" value="C:\Program Files\Java\jdk1.8.0_152\jre\bin;C:\WINDOWS\Sun\Java\bin;C:\WINDOWS\system32;C:\WINDOWS;C:/Program Files/Java/jre1.8.0_171/bin/server;C:/Program Files/Java/jre1.8.0_171/bin;C:/Program Files/Java/jre1.8.0_171/lib/amd64;C:\Program Files (x86)\Common Files\Oracle\Java\javapath;C:\ProgramData\Oracle\Java\javapath;C:\Windows\system32;C:\Windows;C:\Windows\System32\Wbem;C:\Windows\System32\WindowsPowerShell\v1.0\;C:\Program Files (x86)\NVIDIA Corporation\PhysX\Common;C:\WINDOWS\system32;C:\WINDOWS;C:\WINDOWS\System32\Wbem;C:\WINDOWS\System32\WindowsPowerShell\v1.0\;C:\Program Files\Git\cmd;C:\Program Files\nodejs\;C:\Program Files\MySQL\MySQL Utilities 1.6\;C:\Program Files\Gradle\gradle-4.5.1\bin;C:\Program Files\Java\jdk1.8.0_152\bin;C:\Program Files (x86)\Subversion\bin;C:\Users\jerem\AppData\Local\Microsoft\WindowsApps;C:\Users\jerem\AppData\Local\Android\Sdk\tools;C:\Users\jerem\AppData\Local\Android\Sdk\platform-tools;C:\Users\jerem\AppData\Roaming\npm;C:\Users\jerem\AppData\Local\Android\Sdk\build-tools;C:\Program Files\Gradle\gradle-4.5.1\bin;;C:\WINDOWS\system32;;."/>
    <property name="java.vendor.url" value="http://java.oracle.com/"/>
    <property name="osgi.bundlefile.limit" value="100"/>
    <property name="eclipse.startTime" value="1527021728319"/>
    <property name="org.osgi.framework.os.version" value="10.0.0"/>
    <property name="java.vm.vendor" value="Oracle Corporation"/>
    <property name="java.runtime.name" value="Java(TM) SE Runtime Environment"/>
    <property name="java.class.path" value="C:\Users\jerem\.m2\repository\p2\osgi\bundle\org.eclipse.equinox.launcher\1.4.0.v20161219-1356\org.eclipse.equinox.launcher-1.4.0.v20161219-1356.jar"/>
    <property name="sun.java.command" value="C:\Users\jerem\.m2\repository\p2\osgi\bundle\org.eclipse.equinox.launcher\1.4.0.v20161219-1356\org.eclipse.equinox.launcher-1.4.0.v20161219-1356.jar -data C:\Users\jerem\eclipse-workspace\git\de.fhdw.jjtt.w.parent\de.fhdw.jjtt.w.tests\target\work\data -install C:\Users\jerem\eclipse-workspace\git\de.fhdw.jjtt.w.parent\de.fhdw.jjtt.w.tests\target\work -configuration C:\Users\jerem\eclipse-workspace\git\de.fhdw.jjtt.w.parent\de.fhdw.jjtt.w.tests\target\work\configuration -application org.eclipse.tycho.surefire.osgibooter.headlesstest -testproperties C:\Users\jerem\eclipse-workspace\git\de.fhdw.jjtt.w.parent\de.fhdw.jjtt.w.tests\target\surefire.properties"/>
    <property name="ds.delayed.keepInstances" value="true"/>
    <property name="java.vm.specification.name" value="Java Virtual Machine Specification"/>
    <property name="java.vm.specification.version" value="1.8"/>
    <property name="sun.os.patch.level" value=""/>
    <property name="sun.cpu.endian" value="little"/>
    <property name="gosh.args" value="--nointeractive"/>
    <property name="java.io.tmpdir" value="C:\Users\jerem\AppData\Local\Temp\"/>
    <property name="java.vendor.url.bug" value="http://bugreport.sun.com/bugreport/"/>
    <property name="eclipse.home.location" value="file:/C:/Users/jerem/eclipse-workspace/git/de.fhdw.jjtt.w.parent/de.fhdw.jjtt.w.tests/target/work/"/>
    <property name="java.awt.graphicsenv" value="sun.awt.Win32GraphicsEnvironment"/>
    <property name="os.arch" value="amd64"/>
    <property name="java.ext.dirs" value="C:\Program Files\Java\jdk1.8.0_152\jre\lib\ext;C:\WINDOWS\Sun\Java\lib\ext"/>
    <property name="user.dir" value="C:\Users\jerem\eclipse-workspace\git\de.fhdw.jjtt.w.parent\de.fhdw.jjtt.w.tests"/>
    <property name="org.osgi.supports.framework.requirebundle" value="true"/>
    <property name="osgi.clean" value="true"/>
    <property name="line.separator" value="&#10;"/>
    <property name="java.vm.name" value="Java HotSpot(TM) 64-Bit Server VM"/>
    <property name="file.encoding" value="Cp1252"/>
    <property name="java.specification.version" value="1.8"/>
    <property name="org.osgi.framework.executionenvironment" value="OSGi/Minimum-1.0,OSGi/Minimum-1.1,OSGi/Minimum-1.2,JavaSE/compact1-1.8,JavaSE/compact2-1.8,JavaSE/compact3-1.8,JRE-1.1,J2SE-1.2,J2SE-1.3,J2SE-1.4,J2SE-1.5,JavaSE-1.6,JavaSE-1.7,JavaSE-1.8"/>
    <property name="osgi.configuration.area" value="file:/C:/Users/jerem/eclipse-workspace/git/de.fhdw.jjtt.w.parent/de.fhdw.jjtt.w.tests/target/work/configuration/"/>
    <property name="osgi.logfile" value="C:\Users\jerem\eclipse-workspace\git\de.fhdw.jjtt.w.parent\de.fhdw.jjtt.w.tests\target\work\data\.metadata\.log"/>
  </properties>
  <testcase name="loadModel" classname="de.fhdw.jjtt.w.tests.WParsingTest" time="0.225"/>
</testsuite>